<?xml version="1.0" encoding="UTF-8"?>
<testng-results ignored="4" total="14" passed="8" failed="2" skipped="0">
  <reporter-output>
  </reporter-output>
  <suite started-at="2023-04-11T21:24:50 IST" name="Suite" finished-at="2023-04-11T21:26:57 IST" duration-ms="127292">
    <groups>
    </groups>
    <test started-at="2023-04-11T21:24:50 IST" name="Test" finished-at="2023-04-11T21:26:57 IST" duration-ms="127292">
      <class name="com.Selenium.Assignment.TestCases.SearchTest">
        <test-method is-config="true" signature="startTest(java.lang.reflect.Method)[pri:0, instance:com.Selenium.Assignment.TestCases.SearchTest@5860f3d7]" started-at="2023-04-11T21:26:00 IST" name="startTest" finished-at="2023-04-11T21:26:00 IST" duration-ms="1" status="PASS">
          <params>
            <param index="0">
              <value>
                <![CDATA[public void com.Selenium.Assignment.TestCases.SearchTest.Searchh() throws java.lang.Exception]]>
              </value>
            </param>
          </params>
          <reporter-output>
          </reporter-output>
        </test-method> <!-- startTest -->
        <test-method is-config="true" signature="Setup()[pri:0, instance:com.Selenium.Assignment.TestCases.SearchTest@5860f3d7]" started-at="2023-04-11T21:26:00 IST" name="Setup" finished-at="2023-04-11T21:26:04 IST" duration-ms="4039" status="PASS">
          <reporter-output>
          </reporter-output>
        </test-method> <!-- Setup -->
        <test-method signature="Searchh()[pri:6, instance:com.Selenium.Assignment.TestCases.SearchTest@5860f3d7]" started-at="2023-04-11T21:26:04 IST" name="Searchh" finished-at="2023-04-11T21:26:07 IST" duration-ms="2688" status="PASS">
          <reporter-output>
          </reporter-output>
        </test-method> <!-- Searchh -->
        <test-method is-config="true" signature="afterMethod(org.testng.ITestResult)[pri:0, instance:com.Selenium.Assignment.TestCases.SearchTest@5860f3d7]" started-at="2023-04-11T21:26:07 IST" name="afterMethod" finished-at="2023-04-11T21:26:07 IST" duration-ms="69" status="PASS">
          <params>
            <param index="0">
              <value>
                <![CDATA[[TestResult name=Searchh status=SUCCESS method=SearchTest.Searchh()[pri:6, instance:com.Selenium.Assignment.TestCases.SearchTest@5860f3d7] output={null}]]]>
              </value>
            </param>
          </params>
          <reporter-output>
          </reporter-output>
        </test-method> <!-- afterMethod -->
        <test-method is-config="true" signature="teardown()[pri:0, instance:com.Selenium.Assignment.TestCases.SearchTest@5860f3d7]" started-at="2023-04-11T21:26:07 IST" name="teardown" finished-at="2023-04-11T21:26:07 IST" duration-ms="117" status="PASS">
          <reporter-output>
          </reporter-output>
        </test-method> <!-- teardown -->
        <test-method is-config="true" signature="startTest(java.lang.reflect.Method)[pri:0, instance:com.Selenium.Assignment.TestCases.SearchTest@5860f3d7]" started-at="2023-04-11T21:26:07 IST" name="startTest" finished-at="2023-04-11T21:26:07 IST" duration-ms="1" status="PASS">
          <params>
            <param index="0">
              <value>
                <![CDATA[public void com.Selenium.Assignment.TestCases.SearchTest.FailedAddToCart() throws java.lang.Exception]]>
              </value>
            </param>
          </params>
          <reporter-output>
          </reporter-output>
        </test-method> <!-- startTest -->
        <test-method is-config="true" signature="Setup()[pri:0, instance:com.Selenium.Assignment.TestCases.SearchTest@5860f3d7]" started-at="2023-04-11T21:26:07 IST" name="Setup" finished-at="2023-04-11T21:26:10 IST" duration-ms="3365" status="PASS">
          <reporter-output>
          </reporter-output>
        </test-method> <!-- Setup -->
        <test-method signature="FailedAddToCart()[pri:7, instance:com.Selenium.Assignment.TestCases.SearchTest@5860f3d7]" started-at="2023-04-11T21:26:10 IST" name="FailedAddToCart" finished-at="2023-04-11T21:26:14 IST" duration-ms="3454" status="FAIL">
          <exception class="org.openqa.selenium.InvalidSelectorException">
            <message>
              <![CDATA[invalid selector: Unable to locate an element with the xpath expression //*[@id="root"]/div/header/div/div[3]div[2]/div[2]/button because of the following error:
SyntaxError: Failed to execute 'evaluate' on 'Document': The string '//*[@id="root"]/div/header/div/div[3]div[2]/div[2]/button' is not a valid XPath expression.
  (Session info: chrome=112.0.5615.50)
For documentation on this error, please visit: https://www.seleniumhq.org/exceptions/invalid_selector_exception.html
Build info: version: '3.141.59', revision: 'e82be7d358', time: '2018-11-14T08:17:03'
System info: host: 'IN-PG02A7W0', ip: '192.168.29.197', os.name: 'Windows 10', os.arch: 'amd64', os.version: '10.0', java.version: '11.0.3'
Driver info: org.openqa.selenium.chrome.ChromeDriver
Capabilities {acceptInsecureCerts: false, browserName: chrome, browserVersion: 112.0.5615.50, chrome: {chromedriverVersion: 111.0.5563.64 (c710e93d5b63..., userDataDir: C:\Users\PIYUSH~1\AppData\L...}, goog:chromeOptions: {debuggerAddress: localhost:58288}, javascriptEnabled: true, networkConnectionEnabled: false, pageLoadStrategy: normal, platform: WINDOWS, platformName: WINDOWS, proxy: Proxy(), setWindowRect: true, strictFileInteractability: false, timeouts: {implicit: 0, pageLoad: 300000, script: 30000}, unhandledPromptBehavior: dismiss and notify, webauthn:extension:credBlob: true, webauthn:extension:largeBlob: true, webauthn:extension:minPinLength: true, webauthn:extension:prf: true, webauthn:virtualAuthenticators: true}
Session ID: c2adf83bb5c13464dabbe5ad1a8ed1f5
*** Element info: {Using=xpath, value=//*[@id="root"]/div/header/div/div[3]div[2]/div[2]/button}]]>
            </message>
            <full-stacktrace>
              <![CDATA[org.openqa.selenium.InvalidSelectorException: invalid selector: Unable to locate an element with the xpath expression //*[@id="root"]/div/header/div/div[3]div[2]/div[2]/button because of the following error:
SyntaxError: Failed to execute 'evaluate' on 'Document': The string '//*[@id="root"]/div/header/div/div[3]div[2]/div[2]/button' is not a valid XPath expression.
  (Session info: chrome=112.0.5615.50)
For documentation on this error, please visit: https://www.seleniumhq.org/exceptions/invalid_selector_exception.html
Build info: version: '3.141.59', revision: 'e82be7d358', time: '2018-11-14T08:17:03'
System info: host: 'IN-PG02A7W0', ip: '192.168.29.197', os.name: 'Windows 10', os.arch: 'amd64', os.version: '10.0', java.version: '11.0.3'
Driver info: org.openqa.selenium.chrome.ChromeDriver
Capabilities {acceptInsecureCerts: false, browserName: chrome, browserVersion: 112.0.5615.50, chrome: {chromedriverVersion: 111.0.5563.64 (c710e93d5b63..., userDataDir: C:\Users\PIYUSH~1\AppData\L...}, goog:chromeOptions: {debuggerAddress: localhost:58288}, javascriptEnabled: true, networkConnectionEnabled: false, pageLoadStrategy: normal, platform: WINDOWS, platformName: WINDOWS, proxy: Proxy(), setWindowRect: true, strictFileInteractability: false, timeouts: {implicit: 0, pageLoad: 300000, script: 30000}, unhandledPromptBehavior: dismiss and notify, webauthn:extension:credBlob: true, webauthn:extension:largeBlob: true, webauthn:extension:minPinLength: true, webauthn:extension:prf: true, webauthn:virtualAuthenticators: true}
Session ID: c2adf83bb5c13464dabbe5ad1a8ed1f5
*** Element info: {Using=xpath, value=//*[@id="root"]/div/header/div/div[3]div[2]/div[2]/button}
at java.base/jdk.internal.reflect.NativeConstructorAccessorImpl.newInstance0(Native Method)
at java.base/jdk.internal.reflect.NativeConstructorAccessorImpl.newInstance(NativeConstructorAccessorImpl.java:62)
at java.base/jdk.internal.reflect.DelegatingConstructorAccessorImpl.newInstance(DelegatingConstructorAccessorImpl.java:45)
at java.base/java.lang.reflect.Constructor.newInstance(Constructor.java:490)
at org.openqa.selenium.remote.http.W3CHttpResponseCodec.createException(W3CHttpResponseCodec.java:187)
at org.openqa.selenium.remote.http.W3CHttpResponseCodec.decode(W3CHttpResponseCodec.java:122)
at org.openqa.selenium.remote.http.W3CHttpResponseCodec.decode(W3CHttpResponseCodec.java:49)
at org.openqa.selenium.remote.HttpCommandExecutor.execute(HttpCommandExecutor.java:158)
at org.openqa.selenium.remote.service.DriverCommandExecutor.execute(DriverCommandExecutor.java:83)
at org.openqa.selenium.remote.RemoteWebDriver.execute(RemoteWebDriver.java:552)
at org.openqa.selenium.remote.RemoteWebDriver.findElement(RemoteWebDriver.java:323)
at org.openqa.selenium.remote.RemoteWebDriver.findElementByXPath(RemoteWebDriver.java:428)
at org.openqa.selenium.By$ByXPath.findElement(By.java:353)
at org.openqa.selenium.remote.RemoteWebDriver.findElement(RemoteWebDriver.java:315)
at com.Selenium.Assignment.TestCases.SearchTest.FailedAddToCart(SearchTest.java:54)
at java.base/jdk.internal.reflect.NativeMethodAccessorImpl.invoke0(Native Method)
at java.base/jdk.internal.reflect.NativeMethodAccessorImpl.invoke(NativeMethodAccessorImpl.java:62)
at java.base/jdk.internal.reflect.DelegatingMethodAccessorImpl.invoke(DelegatingMethodAccessorImpl.java:43)
at java.base/java.lang.reflect.Method.invoke(Method.java:566)
at org.testng.internal.invokers.MethodInvocationHelper.invokeMethod(MethodInvocationHelper.java:135)
at org.testng.internal.invokers.TestInvoker.invokeMethod(TestInvoker.java:673)
at org.testng.internal.invokers.TestInvoker.invokeTestMethod(TestInvoker.java:220)
at org.testng.internal.invokers.MethodRunner.runInSequence(MethodRunner.java:50)
at org.testng.internal.invokers.TestInvoker$MethodInvocationAgent.invoke(TestInvoker.java:945)
at org.testng.internal.invokers.TestInvoker.invokeTestMethods(TestInvoker.java:193)
at org.testng.internal.invokers.TestMethodWorker.invokeTestMethods(TestMethodWorker.java:146)
at org.testng.internal.invokers.TestMethodWorker.run(TestMethodWorker.java:128)
at java.base/java.util.ArrayList.forEach(ArrayList.java:1540)
at org.testng.TestRunner.privateRun(TestRunner.java:808)
at org.testng.TestRunner.run(TestRunner.java:603)
at org.testng.SuiteRunner.runTest(SuiteRunner.java:429)
at org.testng.SuiteRunner.runSequentially(SuiteRunner.java:423)
at org.testng.SuiteRunner.privateRun(SuiteRunner.java:383)
at org.testng.SuiteRunner.run(SuiteRunner.java:326)
at org.testng.SuiteRunnerWorker.runSuite(SuiteRunnerWorker.java:52)
at org.testng.SuiteRunnerWorker.run(SuiteRunnerWorker.java:95)
at org.testng.TestNG.runSuitesSequentially(TestNG.java:1249)
at org.testng.TestNG.runSuitesLocally(TestNG.java:1169)
at org.testng.TestNG.runSuites(TestNG.java:1092)
at org.testng.TestNG.run(TestNG.java:1060)
at org.testng.remote.AbstractRemoteTestNG.run(AbstractRemoteTestNG.java:115)
at org.testng.remote.RemoteTestNG.initAndRun(RemoteTestNG.java:251)
at org.testng.remote.RemoteTestNG.main(RemoteTestNG.java:77)
]]>
            </full-stacktrace>
          </exception> <!-- org.openqa.selenium.InvalidSelectorException -->
          <reporter-output>
          </reporter-output>
        </test-method> <!-- FailedAddToCart -->
        <test-method is-config="true" signature="afterMethod(org.testng.ITestResult)[pri:0, instance:com.Selenium.Assignment.TestCases.SearchTest@5860f3d7]" started-at="2023-04-11T21:26:14 IST" name="afterMethod" finished-at="2023-04-11T21:26:14 IST" duration-ms="564" status="PASS">
          <params>
            <param index="0">
              <value>
                <![CDATA[[TestResult name=FailedAddToCart status=FAILURE method=SearchTest.FailedAddToCart()[pri:7, instance:com.Selenium.Assignment.TestCases.SearchTest@5860f3d7] output={null}]]]>
              </value>
            </param>
          </params>
          <reporter-output>
          </reporter-output>
        </test-method> <!-- afterMethod -->
        <test-method is-config="true" signature="teardown()[pri:0, instance:com.Selenium.Assignment.TestCases.SearchTest@5860f3d7]" started-at="2023-04-11T21:26:14 IST" name="teardown" finished-at="2023-04-11T21:26:15 IST" duration-ms="370" status="PASS">
          <reporter-output>
          </reporter-output>
        </test-method> <!-- teardown -->
        <test-method is-config="true" signature="startTest(java.lang.reflect.Method)[pri:0, instance:com.Selenium.Assignment.TestCases.SearchTest@5860f3d7]" started-at="2023-04-11T21:26:15 IST" name="startTest" finished-at="2023-04-11T21:26:15 IST" duration-ms="1" status="PASS">
          <params>
            <param index="0">
              <value>
                <![CDATA[public void com.Selenium.Assignment.TestCases.SearchTest.AddToCart() throws java.lang.Exception]]>
              </value>
            </param>
          </params>
          <reporter-output>
          </reporter-output>
        </test-method> <!-- startTest -->
        <test-method is-config="true" signature="Setup()[pri:0, instance:com.Selenium.Assignment.TestCases.SearchTest@5860f3d7]" started-at="2023-04-11T21:26:15 IST" name="Setup" finished-at="2023-04-11T21:26:20 IST" duration-ms="5560" status="PASS">
          <reporter-output>
          </reporter-output>
        </test-method> <!-- Setup -->
        <test-method signature="AddToCart()[pri:8, instance:com.Selenium.Assignment.TestCases.SearchTest@5860f3d7]" started-at="2023-04-11T21:26:20 IST" name="AddToCart" finished-at="2023-04-11T21:26:25 IST" duration-ms="4992" status="PASS">
          <reporter-output>
          </reporter-output>
        </test-method> <!-- AddToCart -->
        <test-method is-config="true" signature="afterMethod(org.testng.ITestResult)[pri:0, instance:com.Selenium.Assignment.TestCases.SearchTest@5860f3d7]" started-at="2023-04-11T21:26:25 IST" name="afterMethod" finished-at="2023-04-11T21:26:25 IST" duration-ms="39" status="PASS">
          <params>
            <param index="0">
              <value>
                <![CDATA[[TestResult name=AddToCart status=SUCCESS method=SearchTest.AddToCart()[pri:8, instance:com.Selenium.Assignment.TestCases.SearchTest@5860f3d7] output={null}]]]>
              </value>
            </param>
          </params>
          <reporter-output>
          </reporter-output>
        </test-method> <!-- afterMethod -->
        <test-method is-config="true" signature="teardown()[pri:0, instance:com.Selenium.Assignment.TestCases.SearchTest@5860f3d7]" started-at="2023-04-11T21:26:25 IST" name="teardown" finished-at="2023-04-11T21:26:25 IST" duration-ms="110" status="PASS">
          <reporter-output>
          </reporter-output>
        </test-method> <!-- teardown -->
        <test-method is-config="true" signature="Setup()[pri:0, instance:com.Selenium.Assignment.TestCases.SearchTest@5860f3d7]" started-at="2023-04-11T21:26:25 IST" name="Setup" finished-at="2023-04-11T21:26:30 IST" duration-ms="4646" status="PASS">
          <reporter-output>
          </reporter-output>
        </test-method> <!-- Setup -->
        <test-method is-config="true" signature="startTest(java.lang.reflect.Method)[pri:0, instance:com.Selenium.Assignment.TestCases.SearchTest@5860f3d7]" started-at="2023-04-11T21:26:25 IST" name="startTest" finished-at="2023-04-11T21:26:25 IST" duration-ms="0" status="PASS">
          <params>
            <param index="0">
              <value>
                <![CDATA[public void com.Selenium.Assignment.TestCases.SearchTest.PlaceOrder() throws java.lang.Exception]]>
              </value>
            </param>
          </params>
          <reporter-output>
          </reporter-output>
        </test-method> <!-- startTest -->
        <test-method signature="PlaceOrder()[pri:9, instance:com.Selenium.Assignment.TestCases.SearchTest@5860f3d7]" started-at="2023-04-11T21:26:30 IST" name="PlaceOrder" finished-at="2023-04-11T21:26:40 IST" duration-ms="9936" status="PASS">
          <reporter-output>
          </reporter-output>
        </test-method> <!-- PlaceOrder -->
        <test-method is-config="true" signature="afterMethod(org.testng.ITestResult)[pri:0, instance:com.Selenium.Assignment.TestCases.SearchTest@5860f3d7]" started-at="2023-04-11T21:26:40 IST" name="afterMethod" finished-at="2023-04-11T21:26:40 IST" duration-ms="47" status="PASS">
          <params>
            <param index="0">
              <value>
                <![CDATA[[TestResult name=PlaceOrder status=SUCCESS method=SearchTest.PlaceOrder()[pri:9, instance:com.Selenium.Assignment.TestCases.SearchTest@5860f3d7] output={null}]]]>
              </value>
            </param>
          </params>
          <reporter-output>
          </reporter-output>
        </test-method> <!-- afterMethod -->
        <test-method is-config="true" signature="teardown()[pri:0, instance:com.Selenium.Assignment.TestCases.SearchTest@5860f3d7]" started-at="2023-04-11T21:26:40 IST" name="teardown" finished-at="2023-04-11T21:26:40 IST" duration-ms="173" status="PASS">
          <reporter-output>
          </reporter-output>
        </test-method> <!-- teardown -->
        <test-method is-config="true" signature="Setup()[pri:0, instance:com.Selenium.Assignment.TestCases.SearchTest@5860f3d7]" started-at="2023-04-11T21:26:40 IST" name="Setup" finished-at="2023-04-11T21:26:44 IST" duration-ms="4102" status="PASS">
          <reporter-output>
          </reporter-output>
        </test-method> <!-- Setup -->
        <test-method is-config="true" signature="startTest(java.lang.reflect.Method)[pri:0, instance:com.Selenium.Assignment.TestCases.SearchTest@5860f3d7]" started-at="2023-04-11T21:26:40 IST" name="startTest" finished-at="2023-04-11T21:26:40 IST" duration-ms="0" status="PASS">
          <params>
            <param index="0">
              <value>
                <![CDATA[public void com.Selenium.Assignment.TestCases.SearchTest.FailedPlaceOrder() throws java.lang.Exception]]>
              </value>
            </param>
          </params>
          <reporter-output>
          </reporter-output>
        </test-method> <!-- startTest -->
        <test-method signature="FailedPlaceOrder()[pri:10, instance:com.Selenium.Assignment.TestCases.SearchTest@5860f3d7]" started-at="2023-04-11T21:26:44 IST" name="FailedPlaceOrder" finished-at="2023-04-11T21:26:57 IST" duration-ms="12472" status="FAIL">
          <exception class="org.openqa.selenium.NoSuchElementException">
            <message>
              <![CDATA[no such element: Unable to locate element: {"method":"xpath","selector":"//*[@id="root"]/div/div/divdiv/button"}
  (Session info: chrome=112.0.5615.50)
For documentation on this error, please visit: https://www.seleniumhq.org/exceptions/no_such_element.html
Build info: version: '3.141.59', revision: 'e82be7d358', time: '2018-11-14T08:17:03'
System info: host: 'IN-PG02A7W0', ip: '192.168.29.197', os.name: 'Windows 10', os.arch: 'amd64', os.version: '10.0', java.version: '11.0.3'
Driver info: org.openqa.selenium.chrome.ChromeDriver
Capabilities {acceptInsecureCerts: false, browserName: chrome, browserVersion: 112.0.5615.50, chrome: {chromedriverVersion: 111.0.5563.64 (c710e93d5b63..., userDataDir: C:\Users\PIYUSH~1\AppData\L...}, goog:chromeOptions: {debuggerAddress: localhost:58371}, javascriptEnabled: true, networkConnectionEnabled: false, pageLoadStrategy: normal, platform: WINDOWS, platformName: WINDOWS, proxy: Proxy(), setWindowRect: true, strictFileInteractability: false, timeouts: {implicit: 0, pageLoad: 300000, script: 30000}, unhandledPromptBehavior: dismiss and notify, webauthn:extension:credBlob: true, webauthn:extension:largeBlob: true, webauthn:extension:minPinLength: true, webauthn:extension:prf: true, webauthn:virtualAuthenticators: true}
Session ID: 7a1a2556a3b47f71181f3bb15ffdf609
*** Element info: {Using=xpath, value=//*[@id="root"]/div/div/divdiv/button}]]>
            </message>
            <full-stacktrace>
              <![CDATA[org.openqa.selenium.NoSuchElementException: no such element: Unable to locate element: {"method":"xpath","selector":"//*[@id="root"]/div/div/divdiv/button"}
  (Session info: chrome=112.0.5615.50)
For documentation on this error, please visit: https://www.seleniumhq.org/exceptions/no_such_element.html
Build info: version: '3.141.59', revision: 'e82be7d358', time: '2018-11-14T08:17:03'
System info: host: 'IN-PG02A7W0', ip: '192.168.29.197', os.name: 'Windows 10', os.arch: 'amd64', os.version: '10.0', java.version: '11.0.3'
Driver info: org.openqa.selenium.chrome.ChromeDriver
Capabilities {acceptInsecureCerts: false, browserName: chrome, browserVersion: 112.0.5615.50, chrome: {chromedriverVersion: 111.0.5563.64 (c710e93d5b63..., userDataDir: C:\Users\PIYUSH~1\AppData\L...}, goog:chromeOptions: {debuggerAddress: localhost:58371}, javascriptEnabled: true, networkConnectionEnabled: false, pageLoadStrategy: normal, platform: WINDOWS, platformName: WINDOWS, proxy: Proxy(), setWindowRect: true, strictFileInteractability: false, timeouts: {implicit: 0, pageLoad: 300000, script: 30000}, unhandledPromptBehavior: dismiss and notify, webauthn:extension:credBlob: true, webauthn:extension:largeBlob: true, webauthn:extension:minPinLength: true, webauthn:extension:prf: true, webauthn:virtualAuthenticators: true}
Session ID: 7a1a2556a3b47f71181f3bb15ffdf609
*** Element info: {Using=xpath, value=//*[@id="root"]/div/div/divdiv/button}
at java.base/jdk.internal.reflect.NativeConstructorAccessorImpl.newInstance0(Native Method)
at java.base/jdk.internal.reflect.NativeConstructorAccessorImpl.newInstance(NativeConstructorAccessorImpl.java:62)
at java.base/jdk.internal.reflect.DelegatingConstructorAccessorImpl.newInstance(DelegatingConstructorAccessorImpl.java:45)
at java.base/java.lang.reflect.Constructor.newInstance(Constructor.java:490)
at org.openqa.selenium.remote.http.W3CHttpResponseCodec.createException(W3CHttpResponseCodec.java:187)
at org.openqa.selenium.remote.http.W3CHttpResponseCodec.decode(W3CHttpResponseCodec.java:122)
at org.openqa.selenium.remote.http.W3CHttpResponseCodec.decode(W3CHttpResponseCodec.java:49)
at org.openqa.selenium.remote.HttpCommandExecutor.execute(HttpCommandExecutor.java:158)
at org.openqa.selenium.remote.service.DriverCommandExecutor.execute(DriverCommandExecutor.java:83)
at org.openqa.selenium.remote.RemoteWebDriver.execute(RemoteWebDriver.java:552)
at org.openqa.selenium.remote.RemoteWebDriver.findElement(RemoteWebDriver.java:323)
at org.openqa.selenium.remote.RemoteWebDriver.findElementByXPath(RemoteWebDriver.java:428)
at org.openqa.selenium.By$ByXPath.findElement(By.java:353)
at org.openqa.selenium.remote.RemoteWebDriver.findElement(RemoteWebDriver.java:315)
at com.Selenium.Assignment.TestCases.SearchTest.FailedPlaceOrder(SearchTest.java:117)
at java.base/jdk.internal.reflect.NativeMethodAccessorImpl.invoke0(Native Method)
at java.base/jdk.internal.reflect.NativeMethodAccessorImpl.invoke(NativeMethodAccessorImpl.java:62)
at java.base/jdk.internal.reflect.DelegatingMethodAccessorImpl.invoke(DelegatingMethodAccessorImpl.java:43)
at java.base/java.lang.reflect.Method.invoke(Method.java:566)
at org.testng.internal.invokers.MethodInvocationHelper.invokeMethod(MethodInvocationHelper.java:135)
at org.testng.internal.invokers.TestInvoker.invokeMethod(TestInvoker.java:673)
at org.testng.internal.invokers.TestInvoker.invokeTestMethod(TestInvoker.java:220)
at org.testng.internal.invokers.MethodRunner.runInSequence(MethodRunner.java:50)
at org.testng.internal.invokers.TestInvoker$MethodInvocationAgent.invoke(TestInvoker.java:945)
at org.testng.internal.invokers.TestInvoker.invokeTestMethods(TestInvoker.java:193)
at org.testng.internal.invokers.TestMethodWorker.invokeTestMethods(TestMethodWorker.java:146)
at org.testng.internal.invokers.TestMethodWorker.run(TestMethodWorker.java:128)
at java.base/java.util.ArrayList.forEach(ArrayList.java:1540)
at org.testng.TestRunner.privateRun(TestRunner.java:808)
at org.testng.TestRunner.run(TestRunner.java:603)
at org.testng.SuiteRunner.runTest(SuiteRunner.java:429)
at org.testng.SuiteRunner.runSequentially(SuiteRunner.java:423)
at org.testng.SuiteRunner.privateRun(SuiteRunner.java:383)
at org.testng.SuiteRunner.run(SuiteRunner.java:326)
at org.testng.SuiteRunnerWorker.runSuite(SuiteRunnerWorker.java:52)
at org.testng.SuiteRunnerWorker.run(SuiteRunnerWorker.java:95)
at org.testng.TestNG.runSuitesSequentially(TestNG.java:1249)
at org.testng.TestNG.runSuitesLocally(TestNG.java:1169)
at org.testng.TestNG.runSuites(TestNG.java:1092)
at org.testng.TestNG.run(TestNG.java:1060)
at org.testng.remote.AbstractRemoteTestNG.run(AbstractRemoteTestNG.java:115)
at org.testng.remote.RemoteTestNG.initAndRun(RemoteTestNG.java:251)
at org.testng.remote.RemoteTestNG.main(RemoteTestNG.java:77)
]]>
            </full-stacktrace>
          </exception> <!-- org.openqa.selenium.NoSuchElementException -->
          <reporter-output>
          </reporter-output>
        </test-method> <!-- FailedPlaceOrder -->
        <test-method is-config="true" signature="afterMethod(org.testng.ITestResult)[pri:0, instance:com.Selenium.Assignment.TestCases.SearchTest@5860f3d7]" started-at="2023-04-11T21:26:57 IST" name="afterMethod" finished-at="2023-04-11T21:26:57 IST" duration-ms="283" status="PASS">
          <params>
            <param index="0">
              <value>
                <![CDATA[[TestResult name=FailedPlaceOrder status=FAILURE method=SearchTest.FailedPlaceOrder()[pri:10, instance:com.Selenium.Assignment.TestCases.SearchTest@5860f3d7] output={null}]]]>
              </value>
            </param>
          </params>
          <reporter-output>
          </reporter-output>
        </test-method> <!-- afterMethod -->
        <test-method is-config="true" signature="teardown()[pri:0, instance:com.Selenium.Assignment.TestCases.SearchTest@5860f3d7]" started-at="2023-04-11T21:26:57 IST" name="teardown" finished-at="2023-04-11T21:26:57 IST" duration-ms="111" status="PASS">
          <reporter-output>
          </reporter-output>
        </test-method> <!-- teardown -->
      </class> <!-- com.Selenium.Assignment.TestCases.SearchTest -->
      <class name="com.Selenium.Assignment.TestCases.FlightBookingTest">
        <test-method is-config="true" signature="init()[pri:0, instance:com.Selenium.Assignment.TestCases.FlightBookingTest@64df9a61]" started-at="2023-04-11T21:24:49 IST" name="init" finished-at="2023-04-11T21:24:50 IST" duration-ms="309" status="PASS">
          <reporter-output>
          </reporter-output>
        </test-method> <!-- init -->
        <test-method is-config="true" signature="startTest(java.lang.reflect.Method)[pri:0, instance:com.Selenium.Assignment.TestCases.FlightBookingTest@64df9a61]" started-at="2023-04-11T21:24:50 IST" name="startTest" finished-at="2023-04-11T21:24:50 IST" duration-ms="9" status="PASS">
          <params>
            <param index="0">
              <value>
                <![CDATA[public void com.Selenium.Assignment.TestCases.FlightBookingTest.FLightBookings() throws java.lang.Exception]]>
              </value>
            </param>
          </params>
          <reporter-output>
          </reporter-output>
        </test-method> <!-- startTest -->
        <test-method is-config="true" signature="Setup()[pri:0, instance:com.Selenium.Assignment.TestCases.FlightBookingTest@64df9a61]" started-at="2023-04-11T21:24:50 IST" name="Setup" finished-at="2023-04-11T21:24:58 IST" duration-ms="7922" status="PASS">
          <reporter-output>
          </reporter-output>
        </test-method> <!-- Setup -->
        <test-method signature="FLightBookings()[pri:2, instance:com.Selenium.Assignment.TestCases.FlightBookingTest@64df9a61]" started-at="2023-04-11T21:24:58 IST" name="FLightBookings" finished-at="2023-04-11T21:25:02 IST" duration-ms="4205" status="PASS">
          <reporter-output>
          </reporter-output>
        </test-method> <!-- FLightBookings -->
        <test-method is-config="true" signature="afterMethod(org.testng.ITestResult)[pri:0, instance:com.Selenium.Assignment.TestCases.FlightBookingTest@64df9a61]" started-at="2023-04-11T21:25:02 IST" name="afterMethod" finished-at="2023-04-11T21:25:02 IST" duration-ms="543" status="PASS">
          <params>
            <param index="0">
              <value>
                <![CDATA[[TestResult name=FLightBookings status=SUCCESS method=FlightBookingTest.FLightBookings()[pri:2, instance:com.Selenium.Assignment.TestCases.FlightBookingTest@64df9a61] output={null}]]]>
              </value>
            </param>
          </params>
          <reporter-output>
          </reporter-output>
        </test-method> <!-- afterMethod -->
        <test-method is-config="true" signature="teardown()[pri:0, instance:com.Selenium.Assignment.TestCases.FlightBookingTest@64df9a61]" started-at="2023-04-11T21:25:02 IST" name="teardown" finished-at="2023-04-11T21:25:03 IST" duration-ms="190" status="PASS">
          <reporter-output>
          </reporter-output>
        </test-method> <!-- teardown -->
        <test-method is-config="true" signature="startTest(java.lang.reflect.Method)[pri:0, instance:com.Selenium.Assignment.TestCases.FlightBookingTest@64df9a61]" started-at="2023-04-11T21:25:03 IST" name="startTest" finished-at="2023-04-11T21:25:03 IST" duration-ms="1" status="PASS">
          <params>
            <param index="0">
              <value>
                <![CDATA[public void com.Selenium.Assignment.TestCases.FlightBookingTest.FLightBookings1() throws java.lang.Exception]]>
              </value>
            </param>
          </params>
          <reporter-output>
          </reporter-output>
        </test-method> <!-- startTest -->
        <test-method is-config="true" signature="Setup()[pri:0, instance:com.Selenium.Assignment.TestCases.FlightBookingTest@64df9a61]" started-at="2023-04-11T21:25:03 IST" name="Setup" finished-at="2023-04-11T21:25:08 IST" duration-ms="5070" status="PASS">
          <reporter-output>
          </reporter-output>
        </test-method> <!-- Setup -->
        <test-method signature="FLightBookings1()[pri:3, instance:com.Selenium.Assignment.TestCases.FlightBookingTest@64df9a61]" started-at="2023-04-11T21:25:08 IST" name="FLightBookings1" finished-at="2023-04-11T21:25:22 IST" duration-ms="14335" status="PASS">
          <reporter-output>
          </reporter-output>
        </test-method> <!-- FLightBookings1 -->
        <test-method is-config="true" signature="afterMethod(org.testng.ITestResult)[pri:0, instance:com.Selenium.Assignment.TestCases.FlightBookingTest@64df9a61]" started-at="2023-04-11T21:25:22 IST" name="afterMethod" finished-at="2023-04-11T21:25:22 IST" duration-ms="176" status="PASS">
          <params>
            <param index="0">
              <value>
                <![CDATA[[TestResult name=FLightBookings1 status=SUCCESS method=FlightBookingTest.FLightBookings1()[pri:3, instance:com.Selenium.Assignment.TestCases.FlightBookingTest@64df9a61] output={null}]]]>
              </value>
            </param>
          </params>
          <reporter-output>
          </reporter-output>
        </test-method> <!-- afterMethod -->
        <test-method is-config="true" signature="teardown()[pri:0, instance:com.Selenium.Assignment.TestCases.FlightBookingTest@64df9a61]" started-at="2023-04-11T21:25:22 IST" name="teardown" finished-at="2023-04-11T21:25:22 IST" duration-ms="221" status="PASS">
          <reporter-output>
          </reporter-output>
        </test-method> <!-- teardown -->
        <test-method is-config="true" signature="startTest(java.lang.reflect.Method)[pri:0, instance:com.Selenium.Assignment.TestCases.FlightBookingTest@64df9a61]" started-at="2023-04-11T21:25:22 IST" name="startTest" finished-at="2023-04-11T21:25:22 IST" duration-ms="1" status="PASS">
          <params>
            <param index="0">
              <value>
                <![CDATA[public void com.Selenium.Assignment.TestCases.FlightBookingTest.Hotels() throws java.lang.Exception]]>
              </value>
            </param>
          </params>
          <reporter-output>
          </reporter-output>
        </test-method> <!-- startTest -->
        <test-method is-config="true" signature="Setup()[pri:0, instance:com.Selenium.Assignment.TestCases.FlightBookingTest@64df9a61]" started-at="2023-04-11T21:25:22 IST" name="Setup" finished-at="2023-04-11T21:25:27 IST" duration-ms="4827" status="PASS">
          <reporter-output>
          </reporter-output>
        </test-method> <!-- Setup -->
        <test-method signature="Hotels()[pri:4, instance:com.Selenium.Assignment.TestCases.FlightBookingTest@64df9a61]" started-at="2023-04-11T21:25:27 IST" name="Hotels" finished-at="2023-04-11T21:25:36 IST" duration-ms="8848" status="PASS">
          <reporter-output>
          </reporter-output>
        </test-method> <!-- Hotels -->
        <test-method is-config="true" signature="afterMethod(org.testng.ITestResult)[pri:0, instance:com.Selenium.Assignment.TestCases.FlightBookingTest@64df9a61]" started-at="2023-04-11T21:25:36 IST" name="afterMethod" finished-at="2023-04-11T21:25:36 IST" duration-ms="61" status="PASS">
          <params>
            <param index="0">
              <value>
                <![CDATA[[TestResult name=Hotels status=SUCCESS method=FlightBookingTest.Hotels()[pri:4, instance:com.Selenium.Assignment.TestCases.FlightBookingTest@64df9a61] output={null}]]]>
              </value>
            </param>
          </params>
          <reporter-output>
          </reporter-output>
        </test-method> <!-- afterMethod -->
        <test-method is-config="true" signature="teardown()[pri:0, instance:com.Selenium.Assignment.TestCases.FlightBookingTest@64df9a61]" started-at="2023-04-11T21:25:36 IST" name="teardown" finished-at="2023-04-11T21:25:36 IST" duration-ms="103" status="PASS">
          <reporter-output>
          </reporter-output>
        </test-method> <!-- teardown -->
        <test-method is-config="true" signature="startTest(java.lang.reflect.Method)[pri:0, instance:com.Selenium.Assignment.TestCases.FlightBookingTest@64df9a61]" started-at="2023-04-11T21:25:36 IST" name="startTest" finished-at="2023-04-11T21:25:36 IST" duration-ms="1" status="PASS">
          <params>
            <param index="0">
              <value>
                <![CDATA[public void com.Selenium.Assignment.TestCases.FlightBookingTest.HolidayPackage() throws java.lang.Exception]]>
              </value>
            </param>
          </params>
          <reporter-output>
          </reporter-output>
        </test-method> <!-- startTest -->
        <test-method is-config="true" signature="Setup()[pri:0, instance:com.Selenium.Assignment.TestCases.FlightBookingTest@64df9a61]" started-at="2023-04-11T21:25:36 IST" name="Setup" finished-at="2023-04-11T21:25:41 IST" duration-ms="4894" status="PASS">
          <reporter-output>
          </reporter-output>
        </test-method> <!-- Setup -->
        <test-method signature="HolidayPackage()[pri:5, instance:com.Selenium.Assignment.TestCases.FlightBookingTest@64df9a61]" started-at="2023-04-11T21:25:41 IST" name="HolidayPackage" finished-at="2023-04-11T21:25:50 IST" duration-ms="8818" status="PASS">
          <reporter-output>
          </reporter-output>
        </test-method> <!-- HolidayPackage -->
        <test-method is-config="true" signature="afterMethod(org.testng.ITestResult)[pri:0, instance:com.Selenium.Assignment.TestCases.FlightBookingTest@64df9a61]" started-at="2023-04-11T21:25:50 IST" name="afterMethod" finished-at="2023-04-11T21:25:50 IST" duration-ms="77" status="PASS">
          <params>
            <param index="0">
              <value>
                <![CDATA[[TestResult name=HolidayPackage status=SUCCESS method=FlightBookingTest.HolidayPackage()[pri:5, instance:com.Selenium.Assignment.TestCases.FlightBookingTest@64df9a61] output={null}]]]>
              </value>
            </param>
          </params>
          <reporter-output>
          </reporter-output>
        </test-method> <!-- afterMethod -->
        <test-method is-config="true" signature="teardown()[pri:0, instance:com.Selenium.Assignment.TestCases.FlightBookingTest@64df9a61]" started-at="2023-04-11T21:25:50 IST" name="teardown" finished-at="2023-04-11T21:25:50 IST" duration-ms="147" status="PASS">
          <reporter-output>
          </reporter-output>
        </test-method> <!-- teardown -->
        <test-method is-config="true" signature="reportFlush()[pri:0, instance:com.Selenium.Assignment.TestCases.FlightBookingTest@64df9a61]" started-at="2023-04-11T21:26:57 IST" name="reportFlush" finished-at="2023-04-11T21:26:57 IST" duration-ms="52" status="PASS">
          <reporter-output>
          </reporter-output>
        </test-method> <!-- reportFlush -->
      </class> <!-- com.Selenium.Assignment.TestCases.FlightBookingTest -->
      <class name="com.Selenium.Assignment.TestCases.TopDealsTest">
        <test-method is-config="true" signature="startTest(java.lang.reflect.Method)[pri:0, instance:com.Selenium.Assignment.TestCases.TopDealsTest@6a66a204]" started-at="2023-04-11T21:25:50 IST" name="startTest" finished-at="2023-04-11T21:25:50 IST" duration-ms="1" status="PASS">
          <params>
            <param index="0">
              <value>
                <![CDATA[public void com.Selenium.Assignment.TestCases.TopDealsTest.TopDealss() throws java.lang.Exception]]>
              </value>
            </param>
          </params>
          <reporter-output>
          </reporter-output>
        </test-method> <!-- startTest -->
        <test-method is-config="true" signature="Setup()[pri:0, instance:com.Selenium.Assignment.TestCases.TopDealsTest@6a66a204]" started-at="2023-04-11T21:25:50 IST" name="Setup" finished-at="2023-04-11T21:25:55 IST" duration-ms="4718" status="PASS">
          <reporter-output>
          </reporter-output>
        </test-method> <!-- Setup -->
        <test-method signature="TopDealss()[pri:1, instance:com.Selenium.Assignment.TestCases.TopDealsTest@6a66a204]" started-at="2023-04-11T21:25:55 IST" name="TopDealss" finished-at="2023-04-11T21:26:00 IST" duration-ms="4705" status="PASS">
          <reporter-output>
          </reporter-output>
        </test-method> <!-- TopDealss -->
        <test-method is-config="true" signature="afterMethod(org.testng.ITestResult)[pri:0, instance:com.Selenium.Assignment.TestCases.TopDealsTest@6a66a204]" started-at="2023-04-11T21:26:00 IST" name="afterMethod" finished-at="2023-04-11T21:26:00 IST" duration-ms="59" status="PASS">
          <params>
            <param index="0">
              <value>
                <![CDATA[[TestResult name=TopDealss status=SUCCESS method=TopDealsTest.TopDealss()[pri:1, instance:com.Selenium.Assignment.TestCases.TopDealsTest@6a66a204] output={null}]]]>
              </value>
            </param>
          </params>
          <reporter-output>
          </reporter-output>
        </test-method> <!-- afterMethod -->
        <test-method is-config="true" signature="teardown()[pri:0, instance:com.Selenium.Assignment.TestCases.TopDealsTest@6a66a204]" started-at="2023-04-11T21:26:00 IST" name="teardown" finished-at="2023-04-11T21:26:00 IST" duration-ms="116" status="PASS">
          <reporter-output>
          </reporter-output>
        </test-method> <!-- teardown -->
      </class> <!-- com.Selenium.Assignment.TestCases.TopDealsTest -->
    </test> <!-- Test -->
  </suite> <!-- Suite -->
</testng-results>
